\BOOKMARK [-1][-]{part*.3}{Introduction}{}% 1
\BOOKMARK [-1][-]{part.1}{I Algebraic approach to quantum field theory}{}% 2
\BOOKMARK [0][-]{chapter.1}{Spacetime}{part.1}% 3
\BOOKMARK [1][-]{section.1.1}{From topology to manifold}{chapter.1}% 4
\BOOKMARK [1][-]{section.1.2}{Lorentzian manifold}{chapter.1}% 5
\BOOKMARK [2][-]{subsection.1.2.1}{Smoothness}{section.1.2}% 6
\BOOKMARK [2][-]{subsection.1.2.2}{Lorentzian structure}{section.1.2}% 7
\BOOKMARK [2][-]{subsection.1.2.3}{Integration}{section.1.2}% 8
\BOOKMARK [2][-]{subsection.1.2.4}{Covariant derivative and curvature}{section.1.2}% 9
\BOOKMARK [1][-]{section.1.3}{Causality}{chapter.1}% 10
\BOOKMARK [2][-]{subsection.1.3.1}{Futurs and pasts}{section.1.3}% 11
\BOOKMARK [2][-]{subsection.1.3.2}{Global hyperbolicity}{section.1.3}% 12
\BOOKMARK [0][-]{chapter.2}{Free theory}{part.1}% 13
\BOOKMARK [1][-]{section.2.1}{Off shell configuration space}{chapter.2}% 14
\BOOKMARK [1][-]{section.2.2}{Functional view of observables}{chapter.2}% 15
\BOOKMARK [1][-]{section.2.3}{Classical field theory}{chapter.2}% 16
\BOOKMARK [1][-]{section.2.4}{Quantization via formal deformation}{chapter.2}% 17
\BOOKMARK [0][-]{chapter.3}{Interacting quantum field theory}{part.1}% 18
\BOOKMARK [1][-]{section.3.1}{Basic definitions}{chapter.3}% 19
\BOOKMARK [1][-]{section.3.2}{Particular spaces of observables}{chapter.3}% 20
\BOOKMARK [1][-]{section.3.3}{Relation to the standard formulation of perturbative QFT}{chapter.3}% 21
\BOOKMARK [0][-]{chapter.4}{The renormalization problem}{part.1}% 22
\BOOKMARK [1][-]{section.4.1}{Extension of distributions}{chapter.4}% 23
\BOOKMARK [1][-]{section.4.2}{The microlocal framework}{chapter.4}% 24
\BOOKMARK [1][-]{section.4.3}{The Epstein Glaser procedure}{chapter.4}% 25
\BOOKMARK [0][-]{chapter.5}{A regularisation sheme}{part.1}% 26
\BOOKMARK [1][-]{section.5.1}{Analytic regularistion of time\205ordered products and the minimal subtraction scheme}{chapter.5}% 27
\BOOKMARK [1][-]{section.5.2}{Analytic regularisation of the Feynman propagator on curved spacetimes}{chapter.5}% 28
\BOOKMARK [1][-]{section.5.3}{Generalised Euler operators and principal parts of homogeneous expansions}{chapter.5}% 29
\BOOKMARK [2][-]{subsection.5.3.1}{The differential form of generalised Euler operators and homogeneous expansions of Feynman amplitudes}{section.5.3}% 30
\BOOKMARK [1][-]{section.5.4}{Properties of the minimal subtraction scheme}{chapter.5}% 31
\BOOKMARK [1][-]{section.5.5}{Examples}{chapter.5}% 32
\BOOKMARK [2][-]{subsection.5.5.1}{Computation of the renormalised fish and sunset graphs in our scheme}{section.5.5}% 33
\BOOKMARK [2][-]{subsection.5.5.2}{Alternative computation of the renormalised fish and sunset graphs}{section.5.5}% 34
\BOOKMARK [2][-]{subsection.5.5.3}{A more complicated graph}{section.5.5}% 35
\BOOKMARK [0][-]{chapter.6}{Exercises time}{part.1}% 36
\BOOKMARK [1][-]{section.6.1}{Explicit computations in cosmological spacetimes}{chapter.6}% 37
\BOOKMARK [2][-]{subsection.6.1.1}{Propagators in Fourier space}{section.6.1}% 38
\BOOKMARK [2][-]{subsection.6.1.2}{The renormalised fish and sunset graphs in Fourier space}{section.6.1}% 39
\BOOKMARK [2][-]{subsection.6.1.3}{Example: the two-point function for a quartic potential up to second order}{section.6.1}% 40
\BOOKMARK [2][-]{subsection.6.1.4}{More complicated graphs on cosmological spacetimes}{section.6.1}% 41
\BOOKMARK [1][-]{section.6.2}{Stress energy tensor}{chapter.6}% 42
\BOOKMARK [-1][-]{part.2}{II Noncommutative approach to field theory}{}% 43
\BOOKMARK [0][-]{chapter.7}{Noncommutative gauge theories on 3-dimensional noncommutative space}{part.2}% 44
\BOOKMARK [1][-]{section.7.1}{Main definitions and properties}{chapter.7}% 45
\BOOKMARK [1][-]{section.7.2}{Differential calculus on noncommutative spaces}{chapter.7}% 46
\BOOKMARK [1][-]{section.7.3}{A family of gauge invariant classical actions}{chapter.7}% 47
\BOOKMARK [0][-]{chapter.8}{Perturbative analysis}{part.2}% 48
\BOOKMARK [1][-]{section.8.1}{Gauge-fixing}{chapter.8}% 49
\BOOKMARK [1][-]{section.8.2}{Gauge-fixed action}{chapter.8}% 50
\BOOKMARK [1][-]{section.8.3}{One-loop 2-point and 4-point functions}{chapter.8}% 51
\BOOKMARK [1][-]{section.8.4}{Finitude of the diagram amplitudes to all orders}{chapter.8}% 52
\BOOKMARK [-1][-]{part*.4}{Conclusion}{}% 53
\BOOKMARK [0][-]{chapter*.6}{Bibliography}{part*.4}% 54
\BOOKMARK [0][-]{chapter*.7}{Index}{part*.4}% 55
