\BOOKMARK [0][-]{chapter*.3}{\376\377\000I\000n\000t\000r\000o\000d\000u\000c\000t\000i\000o\000n}{}% 1
\BOOKMARK [1][-]{section*.4}{\376\377\000Q\000u\000a\000n\000t\000u\000m\000\040\000f\000i\000e\000l\000d\000\040\000t\000h\000e\000o\000r\000y\000\040\000a\000n\000d\000\040\000r\000e\000g\000u\000l\000a\000r\000i\000z\000a\000t\000i\000o\000n}{chapter*.3}% 2
\BOOKMARK [1][-]{section*.5}{\376\377\000A\000l\000g\000e\000b\000r\000a\000i\000c\000\040\000q\000u\000a\000n\000t\000u\000m\000\040\000f\000i\000e\000l\000d\000\040\000t\000h\000e\000o\000r\000y}{chapter*.3}% 3
\BOOKMARK [1][-]{section*.6}{\376\377\000A\000s\000p\000e\000c\000t\000s\000\040\000o\000f\000\040\000q\000u\000a\000n\000t\000u\000m\000\040\000f\000i\000e\000l\000d\000\040\000t\000h\000e\000o\000r\000y\000\040\000o\000n\000\040\000n\000o\000n\000c\000o\000m\000m\000u\000t\000a\000t\000i\000v\000e\000\040\000s\000p\000a\000c\000e\000t\000i\000m\000e\000s}{chapter*.3}% 4
\BOOKMARK [0][-]{chapter.1}{\376\377\000I\000n\000t\000e\000r\000a\000c\000t\000i\000n\000g\000\040\000q\000u\000a\000n\000t\000u\000m\000\040\000f\000i\000e\000l\000d\000\040\000t\000h\000e\000o\000r\000y}{}% 5
\BOOKMARK [1][-]{section.1.1}{\376\377\000O\000f\000f\000\040\000s\000h\000e\000l\000l\000\040\000c\000o\000n\000f\000i\000g\000u\000r\000a\000t\000i\000o\000n\000\040\000s\000p\000a\000c\000e}{chapter.1}% 6
\BOOKMARK [2][-]{subsection.1.1.1}{\376\377\000C\000o\000n\000f\000i\000g\000u\000r\000a\000t\000i\000o\000n\000\040\000s\000p\000a\000c\000e\000\040\000o\000f\000\040\000a\000\040\000r\000e\000a\000l\000\040\000s\000c\000a\000l\000a\000r\000\040\000f\000i\000e\000l\000d\000\040\000t\000h\000e\000o\000r\000y}{section.1.1}% 7
\BOOKMARK [2][-]{subsection.1.1.2}{\376\377\000T\000o\000p\000o\000l\000o\000g\000i\000c\000a\000l\000\040\000a\000s\000p\000e\000c\000t\000s\000\040\000o\000f\000\040\000t\000h\000e\000\040\000c\000o\000n\000f\000i\000g\000u\000r\000a\000t\000i\000o\000n\000\040\000s\000p\000a\000c\000e}{section.1.1}% 8
\BOOKMARK [1][-]{section.1.2}{\376\377\000O\000b\000s\000e\000r\000v\000a\000b\000l\000e\000s\000\040\000a\000s\000\040\000f\000u\000n\000c\000t\000i\000o\000n\000a\000l\000s\000\040\000o\000v\000e\000r\000\040\000f\000i\000e\000l\000d\000\040\000c\000o\000n\000f\000i\000g\000u\000r\000a\000t\000i\000o\000n\000s}{chapter.1}% 9
\BOOKMARK [1][-]{section.1.3}{\376\377\000C\000l\000a\000s\000s\000i\000c\000a\000l\000\040\000f\000r\000e\000e\000\040\000f\000i\000e\000l\000d\000\040\000t\000h\000e\000o\000r\000y}{chapter.1}% 10
\BOOKMARK [1][-]{section.1.4}{\376\377\000W\000a\000v\000e\000\040\000f\000r\000o\000n\000t\000\040\000s\000e\000t\000\040\000o\000f\000\040\000a\000\040\000d\000i\000s\000t\000r\000i\000b\000u\000t\000i\000o\000n}{chapter.1}% 11
\BOOKMARK [2][-]{subsection.1.4.1}{\376\377\000D\000i\000s\000t\000r\000i\000b\000u\000t\000i\000o\000n\000s\000\040\000o\000n\000\040\000a\000\040\000m\000a\000n\000i\000f\000o\000l\000d}{section.1.4}% 12
\BOOKMARK [2][-]{subsection.1.4.2}{\376\377\000S\000c\000h\000w\000a\000r\000t\000z\000'\000s\000\040\000s\000p\000a\000c\000e\000\040\000a\000n\000d\000\040\000t\000e\000m\000p\000e\000r\000e\000d\000\040\000d\000i\000s\000t\000r\000i\000b\000u\000t\000i\000o\000n\000s}{section.1.4}% 13
\BOOKMARK [2][-]{subsection.1.4.3}{\376\377\000S\000i\000n\000g\000u\000l\000a\000r\000i\000t\000i\000e\000s\000\040\000a\000n\000d\000\040\000w\000a\000v\000e\000\040\000f\000r\000o\000n\000t\000\040\000s\000e\000t}{section.1.4}% 14
\BOOKMARK [1][-]{section.1.5}{\376\377\000F\000o\000r\000m\000a\000l\000\040\000d\000e\000f\000o\000r\000m\000a\000t\000i\000o\000n}{chapter.1}% 15
\BOOKMARK [1][-]{section.1.6}{\376\377\000S\000t\000a\000t\000e\000s\000\040\000i\000n\000\040\000a\000l\000g\000e\000b\000r\000a\000i\000c\000\040\000q\000u\000a\000n\000t\000u\000m\000\040\000f\000i\000e\000l\000d\000\040\000t\000h\000e\000o\000r\000y}{chapter.1}% 16
\BOOKMARK [1][-]{section.1.7}{\376\377\000I\000n\000t\000e\000r\000a\000c\000t\000i\000n\000g\000\040\000p\000i\000c\000t\000u\000r\000e}{chapter.1}% 17
\BOOKMARK [2][-]{subsection.1.7.1}{\376\377\000E\000n\000l\000a\000r\000g\000e\000d\000\040\000s\000p\000a\000c\000e\000\040\000o\000f\000\040\000o\000b\000s\000e\000r\000v\000a\000b\000l\000e\000s}{section.1.7}% 18
\BOOKMARK [2][-]{subsection.1.7.2}{\376\377\000Q\000u\000a\000n\000t\000u\000m\000\040\000p\000r\000o\000d\000u\000c\000t\000\040\000a\000m\000o\000n\000g\000\040\000l\000o\000c\000a\000l\000\040\000f\000u\000n\000c\000t\000i\000o\000n\000a\000l\000s}{section.1.7}% 19
\BOOKMARK [2][-]{subsection.1.7.3}{\376\377\000T\000i\000m\000e\000\040\000o\000r\000d\000e\000r\000e\000d\000\040\000p\000r\000o\000d\000u\000c\000t}{section.1.7}% 20
\BOOKMARK [2][-]{subsection.1.7.4}{\376\377\000I\000n\000t\000e\000r\000a\000c\000t\000i\000n\000g\000\040\000o\000f\000f\000\040\000s\000h\000e\000l\000l\000\040\000q\000u\000a\000n\000t\000u\000m\000\040\000a\000l\000g\000e\000b\000r\000a}{section.1.7}% 21
\BOOKMARK [1][-]{section.1.8}{\376\377\000T\000h\000e\000\040\000r\000e\000g\000u\000l\000a\000r\000i\000z\000a\000t\000i\000o\000n\000\040\000p\000r\000o\000b\000l\000e\000m}{chapter.1}% 22
\BOOKMARK [2][-]{subsection.1.8.1}{\376\377\000E\000x\000t\000e\000n\000s\000i\000o\000n\000\040\000u\000p\000\040\000t\000o\000\040\000t\000h\000e\000\040\000t\000o\000t\000a\000l\000\040\000d\000i\000a\000g\000o\000n\000a\000l}{section.1.8}% 23
\BOOKMARK [2][-]{subsection.1.8.2}{\376\377\000R\000e\000g\000u\000l\000a\000r\000i\000z\000a\000t\000i\000o\000n\000\040\000o\000f\000\040\000n\000u\000m\000e\000r\000i\000c\000a\000l\000\040\000d\000i\000s\000t\000r\000i\000b\000u\000t\000i\000o\000n\000s}{section.1.8}% 24
\BOOKMARK [3][-]{subsubsection.1.8.2.1}{\376\377\000E\000x\000t\000e\000n\000s\000i\000o\000n\000s\000\040\000a\000n\000d\000\040\000S\000t\000e\000i\000n\000m\000a\000n\000n\000\040\000s\000c\000a\000l\000i\000n\000g\000\040\000d\000e\000g\000r\000e\000e}{subsection.1.8.2}% 25
\BOOKMARK [3][-]{subsubsection.1.8.2.2}{\376\377\000R\000e\000g\000u\000l\000a\000r\000i\000z\000a\000t\000i\000o\000n\000\040\000p\000r\000o\000c\000e\000d\000u\000r\000e\000s}{subsection.1.8.2}% 26
\BOOKMARK [3][-]{subsubsection.1.8.2.3}{\376\377\000E\000x\000t\000e\000n\000s\000i\000o\000n\000s\000\040\000o\000f\000\040\000\050\000a\000l\000m\000o\000s\000t\000\051\000\040\000h\000o\000m\000o\000g\000e\000n\000e\000o\000u\000s\000\040\000d\000i\000s\000t\000r\000i\000b\000u\000t\000i\000o\000n\000s}{subsection.1.8.2}% 27
\BOOKMARK [0][-]{chapter.2}{\376\377\000A\000\040\000c\000o\000v\000a\000r\000i\000a\000n\000t\000\040\000r\000e\000g\000u\000l\000a\000r\000i\000z\000a\000t\000i\000o\000n\000\040\000s\000c\000h\000e\000m\000e}{}% 28
\BOOKMARK [1][-]{section.2.1}{\376\377\000G\000e\000n\000e\000r\000a\000l\000\040\000r\000e\000g\000u\000l\000a\000r\000i\000z\000a\000t\000i\000o\000n\000\040\000f\000r\000a\000m\000e\000w\000o\000r\000k}{chapter.2}% 29
\BOOKMARK [2][-]{subsection.2.1.1}{\376\377\000E\000x\000t\000e\000n\000s\000i\000o\000n\000s\000\040\000a\000n\000d\000\040\000s\000c\000a\000l\000i\000n\000g\000\040\000d\000e\000g\000r\000e\000e}{section.2.1}% 30
\BOOKMARK [2][-]{subsection.2.1.2}{\376\377\000T\000h\000e\000\040\000g\000e\000n\000e\000r\000a\000l\000i\000z\000e\000d\000\040\000E\000u\000l\000e\000r\000\040\000o\000p\000e\000r\000a\000t\000o\000r}{section.2.1}% 31
\BOOKMARK [1][-]{section.2.2}{\376\377\000A\000n\000o\000t\000h\000e\000r\000\040\000a\000p\000p\000r\000o\000a\000c\000h\000\040\000t\000o\000\040\000t\000h\000e\000\040\000r\000e\000g\000u\000l\000a\000r\000i\000z\000a\000t\000i\000o\000n\000\040\000p\000r\000o\000b\000l\000e\000m}{chapter.2}% 32
\BOOKMARK [2][-]{subsection.2.2.1}{\376\377\000`\000`\000P\000i\000c\000t\000o\000r\000i\000a\000l\000'\000'\000\040\000p\000e\000r\000s\000p\000e\000c\000t\000i\000v\000e\000\040\000o\000f\000\040\000t\000h\000e\000\040\000t\000i\000m\000e\000\040\000o\000r\000d\000e\000r\000e\000d\000\040\000p\000r\000o\000d\000u\000c\000t}{section.2.2}% 33
\BOOKMARK [2][-]{subsection.2.2.2}{\376\377\000F\000o\000r\000e\000s\000t\000\040\000f\000o\000r\000m\000u\000l\000a\000\040\000f\000o\000r\000\040\000t\000h\000e\000\040\000m\000i\000n\000i\000m\000a\000l\000\040\000s\000u\000b\000t\000r\000a\000c\000t\000i\000o\000n\000\040\000s\000c\000h\000e\000m\000e}{section.2.2}% 34
\BOOKMARK [2][-]{subsection.2.2.3}{\376\377\000T\000i\000m\000e\000\040\000o\000r\000d\000e\000r\000e\000d\000\040\000p\000r\000o\000d\000u\000c\000t\000\040\000o\000n\000\040\000t\000h\000e\000\040\000w\000h\000o\000l\000e\000\040\000s\000p\000a\000c\000e\000t\000i\000m\000e}{section.2.2}% 35
\BOOKMARK [1][-]{section.2.3}{\376\377\000T\000h\000e\000\040\000r\000e\000g\000u\000l\000a\000r\000i\000z\000a\000t\000i\000o\000n\000\040\000s\000c\000h\000e\000m\000e}{chapter.2}% 36
\BOOKMARK [2][-]{subsection.2.3.1}{\376\377\000P\000r\000o\000g\000r\000a\000m}{section.2.3}% 37
\BOOKMARK [2][-]{subsection.2.3.2}{\376\377\000R\000e\000g\000u\000l\000a\000r\000i\000z\000a\000t\000i\000o\000n\000\040\000o\000f\000\040\000t\000h\000e\000\040\000F\000e\000y\000n\000m\000a\000n\000\040\000p\000r\000o\000p\000a\000g\000a\000t\000o\000r}{section.2.3}% 38
\BOOKMARK [2][-]{subsection.2.3.3}{\376\377\000T\000h\000e\000\040\000g\000e\000n\000e\000r\000a\000l\000i\000z\000e\000d\000\040\000E\000u\000l\000e\000r\000\040\000o\000p\000e\000r\000a\000t\000o\000r\000\040\000i\000n\000\040\000p\000r\000a\000c\000t\000i\000c\000e}{section.2.3}% 39
\BOOKMARK [1][-]{section.2.4}{\376\377\000P\000r\000o\000p\000e\000r\000t\000i\000e\000s\000\040\000o\000f\000\040\000t\000h\000e\000\040\000s\000c\000h\000e\000m\000e}{chapter.2}% 40
\BOOKMARK [0][-]{chapter.3}{\376\377\000C\000o\000m\000p\000u\000t\000a\000t\000i\000o\000n\000s\000\040\000i\000n\000\040\000o\000u\000r\000\040\000s\000c\000h\000e\000m\000e}{}% 41
\BOOKMARK [1][-]{section.3.1}{\376\377\000E\000x\000a\000m\000p\000l\000e\000s\000\040\000o\000n\000\040\000g\000e\000n\000e\000r\000i\000c\000\040\000c\000u\000r\000v\000e\000d\000\040\000s\000p\000a\000c\000e\000t\000i\000m\000e}{chapter.3}% 42
\BOOKMARK [2][-]{subsection.3.1.1}{\376\377\000T\000h\000e\000\040\000r\000e\000g\000u\000l\000a\000r\000i\000z\000e\000d\000\040\000f\000i\000s\000h\000\040\000a\000n\000d\000\040\000s\000u\000n\000s\000e\000t\000\040\000g\000r\000a\000p\000h\000s}{section.3.1}% 43
\BOOKMARK [3][-]{subsubsection.3.1.1.1}{\376\377\000S\000t\000a\000n\000d\000a\000r\000d\000\040\000a\000p\000p\000r\000o\000a\000c\000h}{subsection.3.1.1}% 44
\BOOKMARK [3][-]{subsubsection.3.1.1.2}{\376\377\000A\000l\000t\000e\000r\000n\000a\000t\000i\000v\000e\000\040\000c\000o\000m\000p\000u\000t\000a\000t\000i\000o\000n}{subsection.3.1.1}% 45
\BOOKMARK [2][-]{subsection.3.1.2}{\376\377\000A\000\040\000m\000o\000r\000e\000\040\000c\000o\000m\000p\000l\000i\000c\000a\000t\000e\000d\000\040\000g\000r\000a\000p\000h}{section.3.1}% 46
\BOOKMARK [1][-]{section.3.2}{\376\377\000E\000x\000p\000l\000i\000c\000i\000t\000\040\000c\000o\000m\000p\000u\000t\000a\000t\000i\000o\000n\000s\000\040\000i\000n\000\040\000F\000r\000i\000e\000d\000m\000a\000n\000n\000-\000L\000e\000m\000a\000\356\000t\000r\000e\000-\000R\000o\000b\000e\000r\000t\000s\000o\000n\000-\000W\000a\000l\000k\000e\000r\000\040\000s\000p\000a\000c\000e\000t\000i\000m\000e}{chapter.3}% 47
\BOOKMARK [2][-]{subsection.3.2.1}{\376\377\000P\000r\000o\000p\000a\000g\000a\000t\000o\000r\000s\000\040\000i\000n\000\040\000F\000o\000u\000r\000i\000e\000r\000\040\000s\000p\000a\000c\000e}{section.3.2}% 48
\BOOKMARK [2][-]{subsection.3.2.2}{\376\377\000T\000h\000e\000\040\000r\000e\000g\000u\000l\000a\000r\000i\000z\000e\000d\000\040\000f\000i\000s\000h\000\040\000a\000n\000d\000\040\000s\000u\000n\000s\000e\000t\000\040\000g\000r\000a\000p\000h\000s\000\040\000i\000n\000\040\000F\000o\000u\000r\000i\000e\000r\000\040\000s\000p\000a\000c\000e}{section.3.2}% 49
\BOOKMARK [3][-]{subsubsection.3.2.2.1}{\376\377\000S\000t\000r\000a\000t\000e\000g\000y}{subsection.3.2.2}% 50
\BOOKMARK [3][-]{subsubsection.3.2.2.2}{\376\377\000E\000x\000p\000l\000i\000c\000i\000t\000\040\000c\000o\000m\000p\000u\000t\000a\000t\000i\000o\000n\000s}{subsection.3.2.2}% 51
\BOOKMARK [3][-]{subsubsection.3.2.2.3}{\376\377\000F\000o\000u\000r\000i\000e\000r\000\040\000t\000r\000a\000n\000s\000f\000o\000r\000m\000\040\000o\000n\000\040\000M\000i\000n\000k\000o\000w\000s\000k\000i\000\040\000s\000p\000a\000c\000e\000t\000i\000m\000e}{subsection.3.2.2}% 52
\BOOKMARK [2][-]{subsection.3.2.3}{\376\377\000T\000w\000o\000\040\000p\000o\000i\000n\000t\000\040\000f\000u\000n\000c\000t\000i\000o\000n\000\040\000f\000o\000r\000\040\000a\000\040\000q\000u\000a\000r\000t\000i\000c\000\040\000p\000o\000t\000e\000n\000t\000i\000a\000l\000\040\000u\000p\000\040\000t\000o\000\040\000s\000e\000c\000o\000n\000d\000\040\000o\000r\000d\000e\000r}{section.3.2}% 53
\BOOKMARK [2][-]{subsection.3.2.4}{\376\377\000M\000o\000r\000e\000\040\000c\000o\000m\000p\000l\000i\000c\000a\000t\000e\000d\000\040\000g\000r\000a\000p\000h\000s\000\040\000o\000n\000\040\000c\000o\000s\000m\000o\000l\000o\000g\000i\000c\000a\000l\000\040\000s\000p\000a\000c\000e\000t\000i\000m\000e\000s}{section.3.2}% 54
\BOOKMARK [0][-]{chapter*.7}{\376\377\000C\000o\000n\000c\000l\000u\000s\000i\000o\000n}{}% 55
\BOOKMARK [0][-]{chapter*.8}{\376\377\000A\000c\000k\000n\000o\000w\000l\000e\000d\000g\000e\000m\000e\000n\000t\000s}{}% 56
\BOOKMARK [0][-]{appendix.A}{\376\377\000S\000p\000a\000c\000e\000t\000i\000m\000e}{}% 57
\BOOKMARK [1][-]{section.A.1}{\376\377\000F\000r\000o\000m\000\040\000t\000o\000p\000o\000l\000o\000g\000y\000\040\000t\000o\000\040\000m\000a\000n\000i\000f\000o\000l\000d}{appendix.A}% 58
\BOOKMARK [1][-]{section.A.2}{\376\377\000L\000o\000r\000e\000n\000t\000z\000i\000a\000n\000\040\000m\000a\000n\000i\000f\000o\000l\000d}{appendix.A}% 59
\BOOKMARK [2][-]{subsection.A.2.1}{\376\377\000S\000m\000o\000o\000t\000h\000n\000e\000s\000s}{section.A.2}% 60
\BOOKMARK [2][-]{subsection.A.2.2}{\376\377\000L\000o\000r\000e\000n\000t\000z\000i\000a\000n\000\040\000s\000t\000r\000u\000c\000t\000u\000r\000e}{section.A.2}% 61
\BOOKMARK [2][-]{subsection.A.2.3}{\376\377\000I\000n\000t\000e\000g\000r\000a\000t\000i\000o\000n}{section.A.2}% 62
\BOOKMARK [2][-]{subsection.A.2.4}{\376\377\000C\000o\000v\000a\000r\000i\000a\000n\000t\000\040\000d\000e\000r\000i\000v\000a\000t\000i\000v\000e\000,\000\040\000g\000e\000o\000d\000e\000s\000i\000c\000\040\000a\000n\000d\000\040\000c\000u\000r\000v\000a\000t\000u\000r\000e}{section.A.2}% 63
\BOOKMARK [1][-]{section.A.3}{\376\377\000C\000a\000u\000s\000a\000l\000i\000t\000y}{appendix.A}% 64
\BOOKMARK [2][-]{subsection.A.3.1}{\376\377\000G\000l\000o\000b\000a\000l\000\040\000h\000y\000p\000e\000r\000b\000o\000l\000i\000c\000i\000t\000y}{section.A.3}% 65
\BOOKMARK [2][-]{subsection.A.3.2}{\376\377\000F\000r\000i\000e\000d\000m\000a\000n\000n\040\023\000L\000e\000m\000a\000\356\000t\000r\000e\040\023\000R\000o\000b\000e\000r\000t\000s\000o\000n\040\023\000W\000a\000l\000k\000e\000r\000\040\000s\000p\000a\000c\000e\000t\000i\000m\000e}{section.A.3}% 66
\BOOKMARK [0][-]{subsection.A.3.2}{\376\377\000B\000i\000b\000l\000i\000o\000g\000r\000a\000p\000h\000y}{}% 67
