This is pdfTeX, Version 3.141592653-2.6-1.40.22 (TeX Live 2021/W32TeX) (preloaded format=pdflatex 2021.6.28)  28 DEC 2022 22:57
entering extended mode
 restricted \write18 enabled.
 file:line:error style messages enabled.
 %&-line parsing enabled.
**c:/Users/antoine.gere/github/Ph.D.-thesis/phd_thesis/phd_antoine
(c:/Users/antoine.gere/github/Ph.D.-thesis/phd_thesis/phd_antoine.tex
LaTeX2e <2021-06-01> patch level 1
L3 programming layer <2021-06-18> (c:/texlive/2021/texmf-dist/tex/latex/base/book.cls
Document Class: book 2021/02/12 v1.4n Standard LaTeX document class
(c:/texlive/2021/texmf-dist/tex/latex/base/bk11.clo
File: bk11.clo 2021/02/12 v1.4n Standard LaTeX file (size option)
)
\c@part=\count182
\c@chapter=\count183
\c@section=\count184
\c@subsection=\count185
\c@subsubsection=\count186
\c@paragraph=\count187
\c@subparagraph=\count188
\c@figure=\count189
\c@table=\count190
\abovecaptionskip=\skip47
\belowcaptionskip=\skip48
\bibindent=\dimen138
) (c:/texlive/2021/texmf-dist/tex/latex/amsmath/amscd.sty
Package: amscd 2017/04/14 v2.1 AMS Commutative Diagrams
 (c:/texlive/2021/texmf-dist/tex/latex/amsmath/amsgen.sty
File: amsgen.sty 1999/11/30 v2.0 generic functions
\@emptytoks=\toks16
\ex@=\dimen139
)
\athelp@=\toks17
\minaw@=\dimen140
\bigaw@=\dimen141
\minCDarrowwidth=\dimen142
) (c:/texlive/2021/texmf-dist/tex/latex/amsmath/amsmath.sty
Package: amsmath 2021/04/20 v2.17j AMS math features
\@mathmargin=\skip49

For additional information on amsmath, use the `?' option.
(c:/texlive/2021/texmf-dist/tex/latex/amsmath/amstext.sty
Package: amstext 2000/06/29 v2.01 AMS text
) (c:/texlive/2021/texmf-dist/tex/latex/amsmath/amsbsy.sty
Package: amsbsy 1999/11/29 v1.2d Bold Symbols
\pmbraise@=\dimen143
) (c:/texlive/2021/texmf-dist/tex/latex/amsmath/amsopn.sty
Package: amsopn 2016/03/08 v2.02 operator names
)
\inf@bad=\count191
LaTeX Info: Redefining \frac on input line 234.
\uproot@=\count192
\leftroot@=\count193
LaTeX Info: Redefining \overline on input line 399.
\classnum@=\count194
\DOTSCASE@=\count195
LaTeX Info: Redefining \ldots on input line 496.
LaTeX Info: Redefining \dots on input line 499.
LaTeX Info: Redefining \cdots on input line 620.
\Mathstrutbox@=\box50
\strutbox@=\box51
\big@size=\dimen144
LaTeX Font Info:    Redeclaring font encoding OML on input line 743.
LaTeX Font Info:    Redeclaring font encoding OMS on input line 744.
\macc@depth=\count196
\c@MaxMatrixCols=\count197
\dotsspace@=\muskip16
\c@parentequation=\count198
\dspbrk@lvl=\count199
\tag@help=\toks18
\row@=\count266
\column@=\count267
\maxfields@=\count268
\andhelp@=\toks19
\eqnshift@=\dimen145
\alignsep@=\dimen146
\tagshift@=\dimen147
\tagwidth@=\dimen148
\totwidth@=\dimen149
\lineht@=\dimen150
\@envbody=\toks20
\multlinegap=\skip50
\multlinetaggap=\skip51
\mathdisplay@stack=\toks21
LaTeX Info: Redefining \[ on input line 2923.
LaTeX Info: Redefining \] on input line 2924.
) (c:/texlive/2021/texmf-dist/tex/latex/amsfonts/amsfonts.sty
Package: amsfonts 2013/01/14 v3.01 Basic AMSFonts support
\symAMSa=\mathgroup4
\symAMSb=\mathgroup5
LaTeX Font Info:    Redeclaring math symbol \hbar on input line 98.
LaTeX Font Info:    Overwriting math alphabet `\mathfrak' in version `bold'
(Font)                  U/euf/m/n --> U/euf/b/n on input line 106.
) (c:/texlive/2021/texmf-dist/tex/latex/amsfonts/amssymb.sty
Package: amssymb 2013/01/14 v3.01 AMS font symbols
) (c:/texlive/2021/texmf-dist/tex/latex/amsmath/amsxtra.sty
Package: amsxtra 1999/11/15 v1.2c AMS extra commands
LaTeX Info: Redefining \nobreakspace on input line 54.
) (c:/texlive/2021/texmf-dist/tex/latex/tools/array.sty
Package: array 2021/04/20 v2.5e Tabular extension package (FMi)
\col@sep=\dimen151
\ar@mcellbox=\box52
\extrarowheight=\dimen152
\NC@list=\toks22
\extratabsurround=\skip52
\backup@length=\skip53
\ar@cellbox=\box53
) (c:/texlive/2021/texmf-dist/tex/generic/babel/babel.sty
Package: babel 2021/06/02 3.60 The Babel package
 (c:/texlive/2021/texmf-dist/tex/generic/babel/babel.def
File: babel.def 2021/06/02 3.60 Babel common definitions
\babel@savecnt=\count269
\U@D=\dimen153
\l@unhyphenated=\language87
 (c:/texlive/2021/texmf-dist/tex/generic/babel/txtbabel.def)
\bbl@readstream=\read2
)
\bbl@dirlevel=\count270
 (c:/texlive/2021/texmf-dist/tex/generic/babel-english/english.ldf
Language: english 2017/06/06 v3.3r English support from the babel system
Package babel Info: Hyphen rules for 'canadian' set to \l@english
(babel)             (\language0). Reported on input line 102.
Package babel Info: Hyphen rules for 'australian' set to \l@ukenglish
(babel)             (\language21). Reported on input line 105.
Package babel Info: Hyphen rules for 'newzealand' set to \l@ukenglish
(babel)             (\language21). Reported on input line 108.
)) (c:/texlive/2021/texmf-dist/tex/latex/fundus-calligra/calligra.sty
Package: calligra 2012/04/10 v1.9 LaTeX package calligra
) (c:/texlive/2021/texmf-dist/tex/latex/cite/cite.sty
LaTeX Info: Redefining \cite on input line 302.
LaTeX Info: Redefining \nocite on input line 332.
Package: cite 2015/02/27  v 5.5
) (c:/texlive/2021/texmf-dist/tex/latex/graphics/color.sty
Package: color 2020/02/24 v1.2b Standard LaTeX Color (DPC)
 (c:/texlive/2021/texmf-dist/tex/latex/graphics-cfg/color.cfg
File: color.cfg 2016/01/02 v1.6 sample color configuration
)
Package color Info: Driver file: pdftex.def on input line 149.
 (c:/texlive/2021/texmf-dist/tex/latex/graphics-def/pdftex.def
File: pdftex.def 2020/10/05 v1.2a Graphics/color driver for pdftex
)) (c:/texlive/2021/texmf-dist/tex/latex/cutwin/cutwin.sty
Package: cutwin 2010/09/29 v0.1 cutout windows
\c@twwinlines=\count271
\c@twtoplines=\count272
\c@twcnt=\count273
\c@twlftside=\dimen154
\c@twrtside=\dimen155
\c@twtopht=\dimen156
\c@twvsilg=\dimen157
\c@twtoka=\toks23
\c@twtokb=\toks24
\c@twrawtext=\box54
\c@twholdwin=\box55
\c@twwindow=\box56
\c@twfinaltext=\box57
\c@twslicea=\box58
\c@twsliceb=\box59
) (c:/texlive/2021/texmf-dist/tex/latex/enumitem/enumitem.sty
Package: enumitem 2019/06/20 v3.9 Customized lists
\enitkv@toks@=\toks25
\labelindent=\skip54
\enit@outerparindent=\dimen158
\enit@toks=\toks26
\enit@inbox=\box60
\enit@count@id=\count274
\enitdp@description=\count275
) (c:/texlive/2021/texmf-dist/tex/latex/fancyhdr/fancyhdr.sty
Package: fancyhdr 2021/01/28 v4.0.1 Extensive control of page headers and footers
\f@nch@headwidth=\skip55
\f@nch@O@elh=\skip56
\f@nch@O@erh=\skip57
\f@nch@O@olh=\skip58
\f@nch@O@orh=\skip59
\f@nch@O@elf=\skip60
\f@nch@O@erf=\skip61
\f@nch@O@olf=\skip62
\f@nch@O@orf=\skip63
) (c:/texlive/2021/texmf-dist/tex/latex/filecontents/filecontents.sty
Package: filecontents 2019/09/20 v1.5 Create an external file from within a LaTeX document


Package filecontents Warning: This package is obsolete. Disabling it and
(filecontents)                passing control to the filecontents environment
(filecontents)                defined by the LaTeX kernel.

) (c:/texlive/2021/texmf-dist/tex/latex/base/fontenc.sty
Package: fontenc 2021/04/29 v2.0v Standard LaTeX package
) (c:/texlive/2021/texmf-dist/tex/latex/geometry/geometry.sty
Package: geometry 2020/01/02 v5.9 Page Geometry
 (c:/texlive/2021/texmf-dist/tex/latex/graphics/keyval.sty
Package: keyval 2014/10/28 v1.15 key=value parser (DPC)
\KV@toks@=\toks27
) (c:/texlive/2021/texmf-dist/tex/generic/iftex/ifvtex.sty
Package: ifvtex 2019/10/25 v1.7 ifvtex legacy package. Use iftex instead.
 (c:/texlive/2021/texmf-dist/tex/generic/iftex/iftex.sty
Package: iftex 2020/03/06 v1.0d TeX engine tests
))
\Gm@cnth=\count276
\Gm@cntv=\count277
\c@Gm@tempcnt=\count278
\Gm@bindingoffset=\dimen159
\Gm@wd@mp=\dimen160
\Gm@odd@mp=\dimen161
\Gm@even@mp=\dimen162
\Gm@layoutwidth=\dimen163
\Gm@layoutheight=\dimen164
\Gm@layouthoffset=\dimen165
\Gm@layoutvoffset=\dimen166
\Gm@dimlist=\toks28
) (c:/texlive/2021/texmf-dist/tex/latex/hyperref/hyperref.sty
Package: hyperref 2021-06-07 v7.00m Hypertext links for LaTeX
 (c:/texlive/2021/texmf-dist/tex/generic/ltxcmds/ltxcmds.sty
Package: ltxcmds 2020-05-10 v1.25 LaTeX kernel commands for general use (HO)
) (c:/texlive/2021/texmf-dist/tex/generic/pdftexcmds/pdftexcmds.sty
Package: pdftexcmds 2020-06-27 v0.33 Utility functions of pdfTeX for LuaTeX (HO)
 (c:/texlive/2021/texmf-dist/tex/generic/infwarerr/infwarerr.sty
Package: infwarerr 2019/12/03 v1.5 Providing info/warning/error messages (HO)
)
Package pdftexcmds Info: \pdf@primitive is available.
Package pdftexcmds Info: \pdf@ifprimitive is available.
Package pdftexcmds Info: \pdfdraftmode found.
) (c:/texlive/2021/texmf-dist/tex/generic/kvsetkeys/kvsetkeys.sty
Package: kvsetkeys 2019/12/15 v1.18 Key value parser (HO)
) (c:/texlive/2021/texmf-dist/tex/generic/kvdefinekeys/kvdefinekeys.sty
Package: kvdefinekeys 2019-12-19 v1.6 Define keys (HO)
) (c:/texlive/2021/texmf-dist/tex/generic/pdfescape/pdfescape.sty
Package: pdfescape 2019/12/09 v1.15 Implements pdfTeX's escape features (HO)
) (c:/texlive/2021/texmf-dist/tex/latex/hycolor/hycolor.sty
Package: hycolor 2020-01-27 v1.10 Color options for hyperref/bookmark (HO)
) (c:/texlive/2021/texmf-dist/tex/latex/letltxmacro/letltxmacro.sty
Package: letltxmacro 2019/12/03 v1.6 Let assignment for LaTeX macros (HO)
) (c:/texlive/2021/texmf-dist/tex/latex/auxhook/auxhook.sty
Package: auxhook 2019-12-17 v1.6 Hooks for auxiliary files (HO)
) (c:/texlive/2021/texmf-dist/tex/latex/kvoptions/kvoptions.sty
Package: kvoptions 2020-10-07 v3.14 Key value format for package options (HO)
)
\@linkdim=\dimen167
\Hy@linkcounter=\count279
\Hy@pagecounter=\count280
 (c:/texlive/2021/texmf-dist/tex/latex/hyperref/pd1enc.def
File: pd1enc.def 2021-06-07 v7.00m Hyperref: PDFDocEncoding definition (HO)
Now handling font encoding PD1 ...
... no UTF-8 mapping file for font encoding PD1
) (c:/texlive/2021/texmf-dist/tex/latex/hyperref/hyperref-langpatches.def
File: hyperref-langpatches.def 2021-06-07 v7.00m Hyperref: patches for babel languages
) (c:/texlive/2021/texmf-dist/tex/generic/intcalc/intcalc.sty
Package: intcalc 2019/12/15 v1.3 Expandable calculations with integers (HO)
) (c:/texlive/2021/texmf-dist/tex/generic/etexcmds/etexcmds.sty
Package: etexcmds 2019/12/15 v1.7 Avoid name clashes with e-TeX commands (HO)
)
\Hy@SavedSpaceFactor=\count281
 (c:/texlive/2021/texmf-dist/tex/latex/hyperref/puenc.def
File: puenc.def 2021-06-07 v7.00m Hyperref: PDF Unicode definition (HO)
Now handling font encoding PU ...
... no UTF-8 mapping file for font encoding PU
)
Package hyperref Info: Hyper figures OFF on input line 4192.
Package hyperref Info: Link nesting OFF on input line 4197.
Package hyperref Info: Hyper index ON on input line 4200.
Package hyperref Info: Plain pages OFF on input line 4207.
Package hyperref Info: Backreferencing OFF on input line 4212.
Package hyperref Info: Implicit mode ON; LaTeX internals redefined.
Package hyperref Info: Bookmarks ON on input line 4445.
\c@Hy@tempcnt=\count282
 (c:/texlive/2021/texmf-dist/tex/latex/url/url.sty
\Urlmuskip=\muskip17
Package: url 2013/09/16  ver 3.4  Verb mode for urls, etc.
)
LaTeX Info: Redefining \url on input line 4804.
\XeTeXLinkMargin=\dimen168
 (c:/texlive/2021/texmf-dist/tex/generic/bitset/bitset.sty
Package: bitset 2019/12/09 v1.3 Handle bit-vector datatype (HO)
 (c:/texlive/2021/texmf-dist/tex/generic/bigintcalc/bigintcalc.sty
Package: bigintcalc 2019/12/15 v1.5 Expandable calculations on big integers (HO)
))
\Fld@menulength=\count283
\Field@Width=\dimen169
\Fld@charsize=\dimen170
Package hyperref Info: Hyper figures OFF on input line 6076.
Package hyperref Info: Link nesting OFF on input line 6081.
Package hyperref Info: Hyper index ON on input line 6084.
Package hyperref Info: backreferencing OFF on input line 6091.
Package hyperref Info: Link coloring OFF on input line 6096.
Package hyperref Info: Link coloring with OCG OFF on input line 6101.
Package hyperref Info: PDF/A mode OFF on input line 6106.
LaTeX Info: Redefining \ref on input line 6146.
LaTeX Info: Redefining \pageref on input line 6150.
 (c:/texlive/2021/texmf-dist/tex/latex/base/atbegshi-ltx.sty
Package: atbegshi-ltx 2021/01/10 v1.0c Emulation of the original atbegshi
package with kernel methods
)
\Hy@abspage=\count284
\c@Item=\count285
\c@Hfootnote=\count286
)
Package hyperref Info: Driver (autodetected): hpdftex.
 (c:/texlive/2021/texmf-dist/tex/latex/hyperref/hpdftex.def
File: hpdftex.def 2021-06-07 v7.00m Hyperref driver for pdfTeX
 (c:/texlive/2021/texmf-dist/tex/latex/base/atveryend-ltx.sty
Package: atveryend-ltx 2020/08/19 v1.0a Emulation of the original atvery package
with kernel methods
)
\Fld@listcount=\count287
\c@bookmark@seq@number=\count288
 (c:/texlive/2021/texmf-dist/tex/latex/rerunfilecheck/rerunfilecheck.sty
Package: rerunfilecheck 2019/12/05 v1.9 Rerun checks for auxiliary files (HO)
 (c:/texlive/2021/texmf-dist/tex/generic/uniquecounter/uniquecounter.sty
Package: uniquecounter 2019/12/15 v1.4 Provide unlimited unique counter (HO)
)
Package uniquecounter Info: New unique counter `rerunfilecheck' on input line 286.
)
\Hy@SectionHShift=\skip64
) (c:/texlive/2021/texmf-dist/tex/latex/base/inputenc.sty
Package: inputenc 2021/02/14 v1.3d Input encoding file
\inpenc@prehook=\toks29
\inpenc@posthook=\toks30
) (c:/texlive/2021/texmf-dist/tex/latex/ntheorem/ntheorem.sty
Style `ntheorem', Version 1.33 <2011/08/15>
Package: ntheorem 2011/08/15 1.33
(c:/texlive/2021/texmf-dist/tex/latex/base/ifthen.sty
Package: ifthen 2020/11/24 v1.1c Standard LaTeX ifthen package (DPC)
)
\theorem@style=\toks31
\theorem@@style=\toks32
\theorembodyfont=\toks33
\theoremnumbering=\toks34
\theorempreskipamount=\skip65
\theorempostskipamount=\skip66
\theoremframepreskipamount=\skip67
\theoremframepostskipamount=\skip68
\theoreminframepreskipamount=\skip69
\theoreminframepostskipamount=\skip70
\theorem@preskip=\toks35
\theorem@postskip=\toks36
\theorem@framepreskip=\toks37
\theorem@framepostskip=\toks38
\theorem@inframepreskip=\toks39
\theorem@inframepostskip=\toks40
\theoremindent=\dimen171
\theorem@indent=\dimen172
\theoremrightindent=\dimen173
\theorem@rightindent=\dimen174
\theoremheaderfont=\toks41
\theoremseparator=\toks42
\theoremprework=\toks43
\theorempostwork=\toks44
\theoremsymbol=\toks45
\qedsymbol=\toks46
\theoremkeyword=\toks47
\qedsymbol=\toks48
\thm@topsep=\skip71
\thm@topsepadd=\skip72
Package ntheorem Info: Option `thmmarks' loaded on input line 1175.
\c@endNonectr=\count289
\c@currNonectr=\count290
\mysavskip=\skip73
Package ntheorem Info: option `amsmath' handling for `thmmarks' loaded on input line 1175.
\thm@amstmpdepth=\dimen175
\tagwidth=\dimen176
Package ntheorem Info: Option `amsthm' loaded on input line 1175.
\c@proof=\count291
\c@currproofctr=\count292
\c@endproofctr=\count293
) (c:/texlive/2021/texmf-dist/tex/latex/psnfss/palatino.sty
Package: palatino 2020/03/25 PSNFSS-v9.3 (SPQR) 
) (c:/texlive/2021/texmf-dist/tex/latex/pgf/frontendlayer/tikz.sty (c:/texlive/2021/texmf-dist/tex/latex/pgf/basiclayer/pgf.sty (c:/texlive/2021/texmf-dist/tex/latex/pgf/utilities/pgfrcs.sty (c:/texlive/2021/texmf-dist/tex/generic/pgf/utilities/pgfutil-common.tex
\pgfutil@everybye=\toks49
\pgfutil@tempdima=\dimen177
\pgfutil@tempdimb=\dimen178
 (c:/texlive/2021/texmf-dist/tex/generic/pgf/utilities/pgfutil-common-lists.tex)) (c:/texlive/2021/texmf-dist/tex/generic/pgf/utilities/pgfutil-latex.def
\pgfutil@abb=\box61
) (c:/texlive/2021/texmf-dist/tex/generic/pgf/utilities/pgfrcs.code.tex (c:/texlive/2021/texmf-dist/tex/generic/pgf/pgf.revision.tex)
Package: pgfrcs 2021/05/15 v3.1.9a (3.1.9a)
))
Package: pgf 2021/05/15 v3.1.9a (3.1.9a)
 (c:/texlive/2021/texmf-dist/tex/latex/pgf/basiclayer/pgfcore.sty (c:/texlive/2021/texmf-dist/tex/latex/graphics/graphicx.sty
Package: graphicx 2020/12/05 v1.2c Enhanced LaTeX Graphics (DPC,SPQR)
 (c:/texlive/2021/texmf-dist/tex/latex/graphics/graphics.sty
Package: graphics 2021/03/04 v1.4d Standard LaTeX Graphics (DPC,SPQR)
 (c:/texlive/2021/texmf-dist/tex/latex/graphics/trig.sty
Package: trig 2016/01/03 v1.10 sin cos tan (DPC)
) (c:/texlive/2021/texmf-dist/tex/latex/graphics-cfg/graphics.cfg
File: graphics.cfg 2016/06/04 v1.11 sample graphics configuration
)
Package graphics Info: Driver file: pdftex.def on input line 107.
)
\Gin@req@height=\dimen179
\Gin@req@width=\dimen180
) (c:/texlive/2021/texmf-dist/tex/latex/pgf/systemlayer/pgfsys.sty (c:/texlive/2021/texmf-dist/tex/generic/pgf/systemlayer/pgfsys.code.tex
Package: pgfsys 2021/05/15 v3.1.9a (3.1.9a)
 (c:/texlive/2021/texmf-dist/tex/generic/pgf/utilities/pgfkeys.code.tex
\pgfkeys@pathtoks=\toks50
\pgfkeys@temptoks=\toks51
 (c:/texlive/2021/texmf-dist/tex/generic/pgf/utilities/pgfkeysfiltered.code.tex
\pgfkeys@tmptoks=\toks52
))
\pgf@x=\dimen181
\pgf@y=\dimen182
\pgf@xa=\dimen183
\pgf@ya=\dimen184
\pgf@xb=\dimen185
\pgf@yb=\dimen186
\pgf@xc=\dimen187
\pgf@yc=\dimen188
\pgf@xd=\dimen189
\pgf@yd=\dimen190
\w@pgf@writea=\write3
\r@pgf@reada=\read3
\c@pgf@counta=\count294
\c@pgf@countb=\count295
\c@pgf@countc=\count296
\c@pgf@countd=\count297
\t@pgf@toka=\toks53
\t@pgf@tokb=\toks54
\t@pgf@tokc=\toks55
\pgf@sys@id@count=\count298
 (c:/texlive/2021/texmf-dist/tex/generic/pgf/systemlayer/pgf.cfg
File: pgf.cfg 2021/05/15 v3.1.9a (3.1.9a)
)
Driver file for pgf: pgfsys-pdftex.def
 (c:/texlive/2021/texmf-dist/tex/generic/pgf/systemlayer/pgfsys-pdftex.def
File: pgfsys-pdftex.def 2021/05/15 v3.1.9a (3.1.9a)
 (c:/texlive/2021/texmf-dist/tex/generic/pgf/systemlayer/pgfsys-common-pdf.def
File: pgfsys-common-pdf.def 2021/05/15 v3.1.9a (3.1.9a)
))) (c:/texlive/2021/texmf-dist/tex/generic/pgf/systemlayer/pgfsyssoftpath.code.tex
File: pgfsyssoftpath.code.tex 2021/05/15 v3.1.9a (3.1.9a)
\pgfsyssoftpath@smallbuffer@items=\count299
\pgfsyssoftpath@bigbuffer@items=\count300
) (c:/texlive/2021/texmf-dist/tex/generic/pgf/systemlayer/pgfsysprotocol.code.tex
File: pgfsysprotocol.code.tex 2021/05/15 v3.1.9a (3.1.9a)
)) (c:/texlive/2021/texmf-dist/tex/latex/xcolor/xcolor.sty
Package: xcolor 2016/05/11 v2.12 LaTeX color extensions (UK)
 (c:/texlive/2021/texmf-dist/tex/latex/graphics-cfg/color.cfg
File: color.cfg 2016/01/02 v1.6 sample color configuration
)
Package xcolor Info: Driver file: pdftex.def on input line 225.
LaTeX Info: Redefining \color on input line 709.
Package xcolor Info: Model `cmy' substituted by `cmy0' on input line 1348.
Package xcolor Info: Model `hsb' substituted by `rgb' on input line 1352.
Package xcolor Info: Model `RGB' extended on input line 1364.
Package xcolor Info: Model `HTML' substituted by `rgb' on input line 1366.
Package xcolor Info: Model `Hsb' substituted by `hsb' on input line 1367.
Package xcolor Info: Model `tHsb' substituted by `hsb' on input line 1368.
Package xcolor Info: Model `HSB' substituted by `hsb' on input line 1369.
Package xcolor Info: Model `Gray' substituted by `gray' on input line 1370.
Package xcolor Info: Model `wave' substituted by `hsb' on input line 1371.
) (c:/texlive/2021/texmf-dist/tex/generic/pgf/basiclayer/pgfcore.code.tex
Package: pgfcore 2021/05/15 v3.1.9a (3.1.9a)
 (c:/texlive/2021/texmf-dist/tex/generic/pgf/math/pgfmath.code.tex (c:/texlive/2021/texmf-dist/tex/generic/pgf/math/pgfmathcalc.code.tex (c:/texlive/2021/texmf-dist/tex/generic/pgf/math/pgfmathutil.code.tex) (c:/texlive/2021/texmf-dist/tex/generic/pgf/math/pgfmathparser.code.tex
\pgfmath@dimen=\dimen191
\pgfmath@count=\count301
\pgfmath@box=\box62
\pgfmath@toks=\toks56
\pgfmath@stack@operand=\toks57
\pgfmath@stack@operation=\toks58
) (c:/texlive/2021/texmf-dist/tex/generic/pgf/math/pgfmathfunctions.code.tex (c:/texlive/2021/texmf-dist/tex/generic/pgf/math/pgfmathfunctions.basic.code.tex) (c:/texlive/2021/texmf-dist/tex/generic/pgf/math/pgfmathfunctions.trigonometric.code.tex) (c:/texlive/2021/texmf-dist/tex/generic/pgf/math/pgfmathfunctions.random.code.tex) (c:/texlive/2021/texmf-dist/tex/generic/pgf/math/pgfmathfunctions.comparison.code.tex) (c:/texlive/2021/texmf-dist/tex/generic/pgf/math/pgfmathfunctions.base.code.tex) (c:/texlive/2021/texmf-dist/tex/generic/pgf/math/pgfmathfunctions.round.code.tex) (c:/texlive/2021/texmf-dist/tex/generic/pgf/math/pgfmathfunctions.misc.code.tex) (c:/texlive/2021/texmf-dist/tex/generic/pgf/math/pgfmathfunctions.integerarithmetics.code.tex))) (c:/texlive/2021/texmf-dist/tex/generic/pgf/math/pgfmathfloat.code.tex
\c@pgfmathroundto@lastzeros=\count302
)) (c:/texlive/2021/texmf-dist/tex/generic/pgf/math/pgfint.code.tex) (c:/texlive/2021/texmf-dist/tex/generic/pgf/basiclayer/pgfcorepoints.code.tex
File: pgfcorepoints.code.tex 2021/05/15 v3.1.9a (3.1.9a)
\pgf@picminx=\dimen192
\pgf@picmaxx=\dimen193
\pgf@picminy=\dimen194
\pgf@picmaxy=\dimen195
\pgf@pathminx=\dimen196
\pgf@pathmaxx=\dimen197
\pgf@pathminy=\dimen198
\pgf@pathmaxy=\dimen199
\pgf@xx=\dimen256
\pgf@xy=\dimen257
\pgf@yx=\dimen258
\pgf@yy=\dimen259
\pgf@zx=\dimen260
\pgf@zy=\dimen261
) (c:/texlive/2021/texmf-dist/tex/generic/pgf/basiclayer/pgfcorepathconstruct.code.tex
File: pgfcorepathconstruct.code.tex 2021/05/15 v3.1.9a (3.1.9a)
\pgf@path@lastx=\dimen262
\pgf@path@lasty=\dimen263
) (c:/texlive/2021/texmf-dist/tex/generic/pgf/basiclayer/pgfcorepathusage.code.tex
File: pgfcorepathusage.code.tex 2021/05/15 v3.1.9a (3.1.9a)
\pgf@shorten@end@additional=\dimen264
\pgf@shorten@start@additional=\dimen265
) (c:/texlive/2021/texmf-dist/tex/generic/pgf/basiclayer/pgfcorescopes.code.tex
File: pgfcorescopes.code.tex 2021/05/15 v3.1.9a (3.1.9a)
\pgfpic=\box63
\pgf@hbox=\box64
\pgf@layerbox@main=\box65
\pgf@picture@serial@count=\count303
) (c:/texlive/2021/texmf-dist/tex/generic/pgf/basiclayer/pgfcoregraphicstate.code.tex
File: pgfcoregraphicstate.code.tex 2021/05/15 v3.1.9a (3.1.9a)
\pgflinewidth=\dimen266
) (c:/texlive/2021/texmf-dist/tex/generic/pgf/basiclayer/pgfcoretransformations.code.tex
File: pgfcoretransformations.code.tex 2021/05/15 v3.1.9a (3.1.9a)
\pgf@pt@x=\dimen267
\pgf@pt@y=\dimen268
\pgf@pt@temp=\dimen269
) (c:/texlive/2021/texmf-dist/tex/generic/pgf/basiclayer/pgfcorequick.code.tex
File: pgfcorequick.code.tex 2021/05/15 v3.1.9a (3.1.9a)
) (c:/texlive/2021/texmf-dist/tex/generic/pgf/basiclayer/pgfcoreobjects.code.tex
File: pgfcoreobjects.code.tex 2021/05/15 v3.1.9a (3.1.9a)
) (c:/texlive/2021/texmf-dist/tex/generic/pgf/basiclayer/pgfcorepathprocessing.code.tex
File: pgfcorepathprocessing.code.tex 2021/05/15 v3.1.9a (3.1.9a)
) (c:/texlive/2021/texmf-dist/tex/generic/pgf/basiclayer/pgfcorearrows.code.tex
File: pgfcorearrows.code.tex 2021/05/15 v3.1.9a (3.1.9a)
\pgfarrowsep=\dimen270
) (c:/texlive/2021/texmf-dist/tex/generic/pgf/basiclayer/pgfcoreshade.code.tex
File: pgfcoreshade.code.tex 2021/05/15 v3.1.9a (3.1.9a)
\pgf@max=\dimen271
\pgf@sys@shading@range@num=\count304
\pgf@shadingcount=\count305
) (c:/texlive/2021/texmf-dist/tex/generic/pgf/basiclayer/pgfcoreimage.code.tex
File: pgfcoreimage.code.tex 2021/05/15 v3.1.9a (3.1.9a)
 (c:/texlive/2021/texmf-dist/tex/generic/pgf/basiclayer/pgfcoreexternal.code.tex
File: pgfcoreexternal.code.tex 2021/05/15 v3.1.9a (3.1.9a)
\pgfexternal@startupbox=\box66
)) (c:/texlive/2021/texmf-dist/tex/generic/pgf/basiclayer/pgfcorelayers.code.tex
File: pgfcorelayers.code.tex 2021/05/15 v3.1.9a (3.1.9a)
) (c:/texlive/2021/texmf-dist/tex/generic/pgf/basiclayer/pgfcoretransparency.code.tex
File: pgfcoretransparency.code.tex 2021/05/15 v3.1.9a (3.1.9a)
) (c:/texlive/2021/texmf-dist/tex/generic/pgf/basiclayer/pgfcorepatterns.code.tex
File: pgfcorepatterns.code.tex 2021/05/15 v3.1.9a (3.1.9a)
) (c:/texlive/2021/texmf-dist/tex/generic/pgf/basiclayer/pgfcorerdf.code.tex
File: pgfcorerdf.code.tex 2021/05/15 v3.1.9a (3.1.9a)
))) (c:/texlive/2021/texmf-dist/tex/generic/pgf/modules/pgfmoduleshapes.code.tex
File: pgfmoduleshapes.code.tex 2021/05/15 v3.1.9a (3.1.9a)
\pgfnodeparttextbox=\box67
) (c:/texlive/2021/texmf-dist/tex/generic/pgf/modules/pgfmoduleplot.code.tex
File: pgfmoduleplot.code.tex 2021/05/15 v3.1.9a (3.1.9a)
) (c:/texlive/2021/texmf-dist/tex/latex/pgf/compatibility/pgfcomp-version-0-65.sty
Package: pgfcomp-version-0-65 2021/05/15 v3.1.9a (3.1.9a)
\pgf@nodesepstart=\dimen272
\pgf@nodesepend=\dimen273
) (c:/texlive/2021/texmf-dist/tex/latex/pgf/compatibility/pgfcomp-version-1-18.sty
Package: pgfcomp-version-1-18 2021/05/15 v3.1.9a (3.1.9a)
)) (c:/texlive/2021/texmf-dist/tex/latex/pgf/utilities/pgffor.sty (c:/texlive/2021/texmf-dist/tex/latex/pgf/utilities/pgfkeys.sty (c:/texlive/2021/texmf-dist/tex/generic/pgf/utilities/pgfkeys.code.tex)) (c:/texlive/2021/texmf-dist/tex/latex/pgf/math/pgfmath.sty (c:/texlive/2021/texmf-dist/tex/generic/pgf/math/pgfmath.code.tex)) (c:/texlive/2021/texmf-dist/tex/generic/pgf/utilities/pgffor.code.tex
Package: pgffor 2021/05/15 v3.1.9a (3.1.9a)
 (c:/texlive/2021/texmf-dist/tex/generic/pgf/math/pgfmath.code.tex)
\pgffor@iter=\dimen274
\pgffor@skip=\dimen275
\pgffor@stack=\toks59
\pgffor@toks=\toks60
)) (c:/texlive/2021/texmf-dist/tex/generic/pgf/frontendlayer/tikz/tikz.code.tex
Package: tikz 2021/05/15 v3.1.9a (3.1.9a)
 (c:/texlive/2021/texmf-dist/tex/generic/pgf/libraries/pgflibraryplothandlers.code.tex
File: pgflibraryplothandlers.code.tex 2021/05/15 v3.1.9a (3.1.9a)
\pgf@plot@mark@count=\count306
\pgfplotmarksize=\dimen276
)
\tikz@lastx=\dimen277
\tikz@lasty=\dimen278
\tikz@lastxsaved=\dimen279
\tikz@lastysaved=\dimen280
\tikz@lastmovetox=\dimen281
\tikz@lastmovetoy=\dimen282
\tikzleveldistance=\dimen283
\tikzsiblingdistance=\dimen284
\tikz@figbox=\box68
\tikz@figbox@bg=\box69
\tikz@tempbox=\box70
\tikz@tempbox@bg=\box71
\tikztreelevel=\count307
\tikznumberofchildren=\count308
\tikznumberofcurrentchild=\count309
\tikz@fig@count=\count310
 (c:/texlive/2021/texmf-dist/tex/generic/pgf/modules/pgfmodulematrix.code.tex
File: pgfmodulematrix.code.tex 2021/05/15 v3.1.9a (3.1.9a)
\pgfmatrixcurrentrow=\count311
\pgfmatrixcurrentcolumn=\count312
\pgf@matrix@numberofcolumns=\count313
)
\tikz@expandcount=\count314
 (c:/texlive/2021/texmf-dist/tex/generic/pgf/frontendlayer/tikz/libraries/tikzlibrarytopaths.code.tex
File: tikzlibrarytopaths.code.tex 2021/05/15 v3.1.9a (3.1.9a)
))) (c:/texlive/2021/texmf-dist/tex/latex/was/upgreek.sty
Package: upgreek 2003/02/12 v2.0 (WaS)
Package upgreek Info: Using Euler Roman for upright Greek on input line 31.
\symugrf@m=\mathgroup6
LaTeX Font Info:    Overwriting symbol font `ugrf@m' in version `bold'
(Font)                  U/eur/m/n --> U/eur/b/n on input line 38.
) (c:/texlive/2021/texmf-dist/tex/latex/wrapfig/wrapfig.sty
\wrapoverhang=\dimen285
\WF@size=\dimen286
\c@WF@wrappedlines=\count315
\WF@box=\box72
\WF@everypar=\toks61
Package: wrapfig 2003/01/31  v 3.6
) (c:/texlive/2021/texmf-dist/tex/generic/ulem/ulem.sty
\UL@box=\box73
\UL@hyphenbox=\box74
\UL@skip=\skip74
\UL@hook=\toks62
\UL@height=\dimen287
\UL@pe=\count316
\UL@pixel=\dimen288
\ULC@box=\box75
Package: ulem 2019/11/18
\ULdepth=\dimen289
)

LaTeX Warning: File `bibstyle.bst' already exists on the system.
               Not generating it from this source.


LaTeX Warning: File `biblio.bib' already exists on the system.
               Not generating it from this source.

\c@currtheoremctr=\count317
\c@endtheoremctr=\count318
\c@theorem=\count319
\c@currpropositionctr=\count320
\c@endpropositionctr=\count321
\c@proposition=\count322
\c@currlemmactr=\count323
\c@endlemmactr=\count324
\c@lemma=\count325
\c@currcorollaryctr=\count326
\c@endcorollaryctr=\count327
\c@corollary=\count328
\c@currexamplectr=\count329
\c@endexamplectr=\count330
\c@example=\count331
\c@currexamplesctr=\count332
\c@endexamplesctr=\count333
\c@examples=\count334
\c@currremarkctr=\count335
\c@endremarkctr=\count336
\c@remark=\count337
\c@currdefinitionctr=\count338
\c@enddefinitionctr=\count339
\c@definition=\count340
\c@currsketchctr=\count341
\c@endsketchctr=\count342
\c@sketch=\count343
Package hyperref Info: Option `pdftoolbar' set `true' on input line 2458.
Package hyperref Info: Option `pdfmenubar' set `true' on input line 2458.
Package hyperref Info: Option `pdffitwindow' set `true' on input line 2458.
Package hyperref Info: Option `pdfnewwindow' set `true' on input line 2458.
Package hyperref Info: Option `colorlinks' set `true' on input line 2458.
(c:/texlive/2021/texmf-dist/tex/generic/pgf/frontendlayer/tikz/libraries/tikzlibrarydecorations.markings.code.tex (c:/texlive/2021/texmf-dist/tex/generic/pgf/frontendlayer/tikz/libraries/tikzlibrarydecorations.code.tex (c:/texlive/2021/texmf-dist/tex/generic/pgf/modules/pgfmoduledecorations.code.tex
\pgfdecoratedcompleteddistance=\dimen290
\pgfdecoratedremainingdistance=\dimen291
\pgfdecoratedinputsegmentcompleteddistance=\dimen292
\pgfdecoratedinputsegmentremainingdistance=\dimen293
\pgf@decorate@distancetomove=\dimen294
\pgf@decorate@repeatstate=\count344
\pgfdecorationsegmentamplitude=\dimen295
\pgfdecorationsegmentlength=\dimen296
)
\tikz@lib@dec@box=\box76
) (c:/texlive/2021/texmf-dist/tex/generic/pgf/libraries/decorations/pgflibrarydecorations.markings.code.tex)) (c:/texlive/2021/texmf-dist/tex/generic/pgf/frontendlayer/tikz/libraries/tikzlibraryshapes.misc.code.tex
File: tikzlibraryshapes.misc.code.tex 2021/05/15 v3.1.9a (3.1.9a)
 (c:/texlive/2021/texmf-dist/tex/generic/pgf/libraries/shapes/pgflibraryshapes.misc.code.tex
File: pgflibraryshapes.misc.code.tex 2021/05/15 v3.1.9a (3.1.9a)
))
LaTeX Font Info:    Trying to load font information for T1+ppl on input line 3085.
 (c:/texlive/2021/texmf-dist/tex/latex/psnfss/t1ppl.fd
File: t1ppl.fd 2001/06/04 font definitions for T1/ppl.
) (c:/texlive/2021/texmf-dist/tex/latex/l3backend/l3backend-pdftex.def
File: l3backend-pdftex.def 2021-05-07 L3 backend support: PDF output (pdfTeX)
\l__color_backend_stack_int=\count345
\l__pdf_internal_box=\box77
) (./phd_antoine.aux)
\openout1 = `phd_antoine.aux'.

LaTeX Font Info:    Checking defaults for OML/cmm/m/it on input line 3085.
LaTeX Font Info:    ... okay on input line 3085.
LaTeX Font Info:    Checking defaults for OMS/cmsy/m/n on input line 3085.
LaTeX Font Info:    ... okay on input line 3085.
LaTeX Font Info:    Checking defaults for OT1/cmr/m/n on input line 3085.
LaTeX Font Info:    ... okay on input line 3085.
LaTeX Font Info:    Checking defaults for T1/cmr/m/n on input line 3085.
LaTeX Font Info:    ... okay on input line 3085.
LaTeX Font Info:    Checking defaults for TS1/cmr/m/n on input line 3085.
LaTeX Font Info:    ... okay on input line 3085.
LaTeX Font Info:    Checking defaults for OMX/cmex/m/n on input line 3085.
LaTeX Font Info:    ... okay on input line 3085.
LaTeX Font Info:    Checking defaults for U/cmr/m/n on input line 3085.
LaTeX Font Info:    ... okay on input line 3085.
LaTeX Font Info:    Checking defaults for PD1/pdf/m/n on input line 3085.
LaTeX Font Info:    ... okay on input line 3085.
LaTeX Font Info:    Checking defaults for PU/pdf/m/n on input line 3085.
LaTeX Font Info:    ... okay on input line 3085.
 (c:/texlive/2021/texmf-dist/tex/context/base/mkii/supp-pdf.mkii
[Loading MPS to PDF converter (version 2006.09.02).]
\scratchcounter=\count346
\scratchdimen=\dimen297
\scratchbox=\box78
\nofMPsegments=\count347
\nofMParguments=\count348
\everyMPshowfont=\toks63
\MPscratchCnt=\count349
\MPscratchDim=\dimen298
\MPnumerator=\count350
\makeMPintoPDFobject=\count351
\everyMPtoPDFconversion=\toks64
) (c:/texlive/2021/texmf-dist/tex/latex/epstopdf-pkg/epstopdf-base.sty
Package: epstopdf-base 2020-01-24 v2.11 Base part for package epstopdf
 (c:/texlive/2021/texmf-dist/tex/latex/grfext/grfext.sty
Package: grfext 2019/12/03 v1.3 Manage graphics extensions (HO)
)
Package epstopdf-base Info: Redefining graphics rule for `.eps' on input line 485.
Package grfext Info: Graphics extension search list:
(grfext)             [.pdf,.png,.jpg,.mps,.jpeg,.jbig2,.jb2,.PDF,.PNG,.JPG,.JPEG,.JBIG2,.JB2,.eps]
(grfext)             \AppendGraphicsExtensions on input line 504.
 (c:/texlive/2021/texmf-dist/tex/latex/latexconfig/epstopdf-sys.cfg
File: epstopdf-sys.cfg 2010/07/13 v1.3 Configuration of (r)epstopdf for TeX Live
))
*geometry* driver: auto-detecting
*geometry* detected driver: pdftex
*geometry* verbose mode - [ preamble ] result:
* driver: pdftex
* paper: a4paper
* layout: <same size as paper>
* layoutoffset:(h,v)=(0.0pt,0.0pt)
* modes: twoside 
* h-part:(L,W,R)=(76.82243pt, 443.863pt, 76.82243pt)
* v-part:(T,H,B)=(68.2866pt, 708.47363pt, 68.2866pt)
* \paperwidth=597.50787pt
* \paperheight=845.04684pt
* \textwidth=443.863pt
* \textheight=708.47363pt
* \oddsidemargin=4.55244pt
* \evensidemargin=4.55244pt
* \topmargin=-35.85718pt
* \headheight=22.0pt
* \headsep=19.8738pt
* \topskip=11.0pt
* \footskip=27.46295pt
* \marginparwidth=116.0pt
* \marginparsep=7.0pt
* \columnsep=10.0pt
* \skip\footins=10.0pt plus 4.0pt minus 2.0pt
* \hoffset=0.0pt
* \voffset=0.0pt
* \mag=1000
* \@twocolumnfalse
* \@twosidetrue
* \@mparswitchtrue
* \@reversemarginfalse
* (1in=72.27pt=25.4mm, 1cm=28.453pt)

Package hyperref Info: Link coloring ON on input line 3085.
(c:/texlive/2021/texmf-dist/tex/latex/hyperref/nameref.sty
Package: nameref 2021-04-02 v2.47 Cross-referencing by name of section
 (c:/texlive/2021/texmf-dist/tex/latex/refcount/refcount.sty
Package: refcount 2019/12/15 v3.6 Data extraction from label references (HO)
) (c:/texlive/2021/texmf-dist/tex/generic/gettitlestring/gettitlestring.sty
Package: gettitlestring 2019/12/15 v1.6 Cleanup title references (HO)
)
\c@section@level=\count352
)
LaTeX Info: Redefining \ref on input line 3085.
LaTeX Info: Redefining \pageref on input line 3085.
LaTeX Info: Redefining \nameref on input line 3085.
 (./phd_antoine.out) (./phd_antoine.out)
\@outlinefile=\write4
\openout4 = `phd_antoine.out'.

 [1

{c:/texlive/2021/texmf-var/fonts/map/pdftex/updmap/pdftex.map}]
<unige.pdf, id=284, 29.57932pt x 39.23332pt>
File: unige.pdf Graphic file (type pdf)
<use unige.pdf>
Package pdftex.def Info: unige.pdf  used on input line 3090.
(pdftex.def)             Requested size: 29.57924pt x 39.2332pt.
LaTeX Font Info:    Trying to load font information for U+msa on input line 3090.
 (c:/texlive/2021/texmf-dist/tex/latex/amsfonts/umsa.fd
File: umsa.fd 2013/01/14 v3.01 AMS symbols A
)
LaTeX Font Info:    Trying to load font information for U+msb on input line 3090.
 (c:/texlive/2021/texmf-dist/tex/latex/amsfonts/umsb.fd
File: umsb.fd 2013/01/14 v3.01 AMS symbols B
) [2 <./unige.pdf>] [3]

LaTeX Warning: Citation `GHP_2015' on page 4 undefined on input line 3121.

[4] (./phd_antoine.toc [5

])
\tf@toc=\write5
\openout5 = `phd_antoine.toc'.

 [6]

LaTeX Warning: Citation `PV_1949' on page 7 undefined on input line 3160.


LaTeX Warning: Citation `SPEER_1968' on page 7 undefined on input line 3160.


LaTeX Warning: Citation `THV_1972' on page 7 undefined on input line 3160.


LaTeX Warning: Citation `BG_1972' on page 7 undefined on input line 3160.


LaTeX Warning: Citation `BF_2000' on page 7 undefined on input line 3163.

[7

]

LaTeX Warning: Citation `BUNCH_1981' on page 8 undefined on input line 3166.


LaTeX Warning: Citation `LUSCHER_1982' on page 8 undefined on input line 3166.


LaTeX Warning: Citation `TOMS_1982' on page 8 undefined on input line 3166.


LaTeX Warning: Citation `CHL_1995' on page 8 undefined on input line 3166.


LaTeX Warning: Citation `PRANGE_1999' on page 8 undefined on input line 3166.


LaTeX Warning: Citation `BILAL_2013' on page 8 undefined on input line 3166.


LaTeX Warning: Citation `BF_2000' on page 8 undefined on input line 3166.


LaTeX Warning: Citation `HW_2001' on page 8 undefined on input line 3166.


LaTeX Warning: Citation `HW_2005' on page 8 undefined on input line 3166.


LaTeX Warning: Citation `HOLLANDS_2010' on page 8 undefined on input line 3166.


LaTeX Warning: Citation `BCK_2010' on page 8 undefined on input line 3166.


LaTeX Warning: Citation `MORETTI_2000' on page 8 undefined on input line 3166.


LaTeX Warning: Citation `HK_1964' on page 8 undefined on input line 3175.


LaTeX Warning: Citation `BF_2000' on page 8 undefined on input line 3175.


LaTeX Warning: Citation `HW_2001' on page 8 undefined on input line 3175.


LaTeX Warning: Citation `HW_2005' on page 8 undefined on input line 3175.


LaTeX Warning: Citation `STEINMANN_1971' on page 8 undefined on input line 3175.


LaTeX Warning: Citation `EG_1973' on page 8 undefined on input line 3175.


LaTeX Warning: Citation `HW_2001' on page 8 undefined on input line 3181.


LaTeX Warning: Citation `HW_2002' on page 8 undefined on input line 3181.


LaTeX Warning: Citation `HW_2005' on page 8 undefined on input line 3181.

[8]

LaTeX Warning: Citation `BF_2000' on page 9 undefined on input line 3184.


LaTeX Warning: Citation `HW_2001' on page 9 undefined on input line 3184.


LaTeX Warning: Citation `HW_2005' on page 9 undefined on input line 3184.


LaTeX Warning: Citation `RADZIKOWSKI_1996' on page 9 undefined on input line 3187.


LaTeX Warning: Citation `CHL_1995' on page 9 undefined on input line 3190.


LaTeX Warning: Citation `PRANGE_1999' on page 9 undefined on input line 3190.


LaTeX Warning: Citation `HOLLANDS_2010' on page 9 undefined on input line 3190.


LaTeX Warning: Citation `BCK_2010' on page 9 undefined on input line 3190.


LaTeX Warning: Citation `DANG_2013' on page 9 undefined on input line 3190.


LaTeX Warning: Citation `KELLER_2010' on page 9 undefined on input line 3196.


LaTeX Warning: Citation `DFKR_2014' on page 9 undefined on input line 3196.


LaTeX Warning: Citation `GHP_2015' on page 9 undefined on input line 3196.


LaTeX Warning: Citation `BG_1972' on page 9 undefined on input line 3196.


LaTeX Warning: Citation `DFKR_2014' on page 9 undefined on input line 3199.


LaTeX Warning: Citation `BG_1972' on page 9 undefined on input line 3199.


LaTeX Warning: Citation `BGP_2007' on page 9 undefined on input line 3211.


LaTeX Warning: Citation `MORETTI_2003' on page 9 undefined on input line 3211.


LaTeX Warning: Citation `DANG_2015' on page 9 undefined on input line 3211.


LaTeX Warning: Citation `HOLLANDS_2010' on page 9 undefined on input line 3211.


LaTeX Warning: Citation `KELLER_2010' on page 9 undefined on input line 3211.


LaTeX Warning: Citation `DFKR_2014' on page 9 undefined on input line 3211.


LaTeX Warning: Citation `HW_2001' on page 9 undefined on input line 3211.


LaTeX Warning: Citation `HW_2002' on page 9 undefined on input line 3211.

[9]

LaTeX Warning: Citation `GW_2015' on page 10 undefined on input line 3226.


LaTeX Warning: Citation `GJW_2015' on page 10 undefined on input line 3226.


LaTeX Warning: Citation `GVW_2014' on page 10 undefined on input line 3226.


LaTeX Warning: Citation `CONNES_1994' on page 10 undefined on input line 3232.


LaTeX Warning: Citation `DFR_1994' on page 10 undefined on input line 3232.


LaTeX Warning: Citation `WITTEN_1986' on page 10 undefined on input line 3232.


LaTeX Warning: Citation `MADORE_1999' on page 10 undefined on input line 3232.


LaTeX Warning: Citation `DV_1999' on page 10 undefined on input line 3232.


LaTeX Warning: Citation `MVRS_2000' on page 10 undefined on input line 3232.


LaTeX Warning: Citation `GW_2015' on page 10 undefined on input line 3238.

[10]

LaTeX Warning: Citation `VW_2013' on page 11 undefined on input line 3244.


LaTeX Warning: Citation `DV_1999' on page 11 undefined on input line 3244.


LaTeX Warning: Citation `WALLET_2009' on page 11 undefined on input line 3244.


LaTeX Warning: Citation `GVW_2014' on page 11 undefined on input line 3248.


LaTeX Warning: Citation `GJW_2015' on page 11 undefined on input line 3251.

[11] [12

]
Chapter 1.
[13]
Package hyperref Info: bookmark level for unknown definition defaults to 0 on input line 3296.
 [14]

LaTeX Warning: Citation `BFLR_2012' on page 15 undefined on input line 3376.


LaTeX Warning: Citation `BDF_2009' on page 15 undefined on input line 3376.

[15]

LaTeX Warning: Citation `BFLR_2012' on page 16 undefined on input line 3425.

LaTeX Font Info:    Trying to load font information for TS1+ppl on input line 3432.
(c:/texlive/2021/texmf-dist/tex/latex/psnfss/ts1ppl.fd
File: ts1ppl.fd 2001/06/04 font definitions for TS1/ppl.
)

LaTeX Warning: Citation `BFLR_2012' on page 16 undefined on input line 3446.

Package hyperref Info: bookmark level for unknown lemma defaults to 0 on input line 3449.
[16]
Package hyperref Info: bookmark level for unknown example defaults to 0 on input line 3515.
 [17]

LaTeX Warning: Citation `WALD_1984' on page 18 undefined on input line 3604.

[18]

LaTeX Warning: Citation `BGP_2007' on page 19 undefined on input line 3620.

LaTeX Font Info:    Font shape `T1/calligra/m/n' will be
(Font)              scaled to size 15.76802pt on input line 3674.
LaTeX Font Info:    Font shape `T1/calligra/m/n' will be
(Font)              scaled to size 11.52002pt on input line 3674.
LaTeX Font Info:    Font shape `T1/calligra/m/n' will be
(Font)              scaled to size 8.64001pt on input line 3674.
[19]
Package hyperref Info: bookmark level for unknown proposition defaults to 0 on input line 3713.
Package hyperref Info: bookmark level for unknown sketch defaults to 0 on input line 3730.
 [20]

LaTeX Warning: Citation `HORMANDER_1990' on page 21 undefined on input line 3810.


LaTeX Warning: Citation `HORMANDER_1990' on page 21 undefined on input line 3843.


LaTeX Warning: Citation `HORMANDER_1990' on page 21 undefined on input line 3843.

[21] [22]
LaTeX Font Info:    Trying to load font information for U+euf on input line 3954.
 (c:/texlive/2021/texmf-dist/tex/latex/amsfonts/ueuf.fd
File: ueuf.fd 2013/01/14 v3.01 Euler Fraktur
) [23] [24]

LaTeX Warning: Citation `HORMANDER_1990' on page 25 undefined on input line 4106.


LaTeX Warning: Citation `HORMANDER_1990' on page 25 undefined on input line 4123.

[25]

LaTeX Warning: Citation `HORMANDER_1990' on page 26 undefined on input line 4193.

LaTeX Font Info:    Font shape `T1/calligra/m/n' will be
(Font)              scaled to size 12.96002pt on input line 4200.
LaTeX Font Info:    Font shape `T1/calligra/m/n' will be
(Font)              scaled to size 7.20001pt on input line 4200.
[26] [27]
Overfull \hbox (5.64488pt too wide) in paragraph at lines 4313--4314
[]\T1/ppl/m/n/10.95 The quan-tum reg-u-lar ob-serv-ables are de-fined as power se-ries in $\U/msb/m/n/10.95 ~$ \T1/ppl/m/n/10.95 with co-ef-fi-cients in $\OMS/cmsy/m/n/10.95 F[]\OT1/cmr/m/n/10.95 (\OMS/cmsy/m/n/10.95 M\OT1/cmr/m/n/10.95 )$\T1/ppl/m/n/10.95 .
 []

[28] [29]

LaTeX Warning: Citation `MORETTI_2013' on page 30 undefined on input line 4456.


LaTeX Warning: Citation `RADZIKOWSKI_1996' on page 30 undefined on input line 4519.

[30]

LaTeX Warning: Citation `BDF_2009' on page 31 undefined on input line 4552.


LaTeX Warning: Citation `FR_2014' on page 31 undefined on input line 4552.


LaTeX Warning: Citation `FR_2013' on page 31 undefined on input line 4552.


LaTeX Warning: Citation `STEINMANN_1971' on page 31 undefined on input line 4552.


LaTeX Warning: Citation `EG_1973' on page 31 undefined on input line 4552.

[31]

LaTeX Warning: Citation `HACK_2010' on page 32 undefined on input line 4604.


LaTeX Warning: Citation `BFK_1996' on page 32 undefined on input line 4604.


LaTeX Warning: Citation `RADZIKOWSKI_1996' on page 32 undefined on input line 4623.


LaTeX Warning: Citation `HW_2003' on page 32 undefined on input line 4651.

[32]
Overfull \hbox (1.27051pt too wide) in alignment at lines 4672--4677
 [][][] []
 []


LaTeX Warning: Citation `IZ_1980' on page 33 undefined on input line 4708.

[33] [34]

LaTeX Warning: Citation `DF_2004' on page 35 undefined on input line 4856.

[35]

LaTeX Warning: Citation `HW_2001' on page 36 undefined on input line 4925.


LaTeX Warning: Citation `HW_2002' on page 36 undefined on input line 4925.


LaTeX Warning: Citation `HW_2005' on page 36 undefined on input line 4925.

[36]

LaTeX Warning: Citation `HW_2001' on page 37 undefined on input line 4961.


Overfull \hbox (1.88295pt too wide) detected at line 4968
[] []  \OMS/cmsy/m/n/10.95 ^^Z  [][]\OML/cmm/m/it/10.95 x; y\OT1/cmr/m/n/10.95 ; \OML/cmm/m/it/10.95 k[]; k[][] \OMS/cmsy/m/n/10.95 2 \OML/cmm/m/it/10.95 T[]\OMS/cmsy/m/n/10.95 M[] n f\OT1/cmr/m/n/10.95 0\OMS/cmsy/m/n/10.95 g [] \OT1/cmr/m/n/10.95 (\OML/cmm/m/it/10.95 x; k[]\OT1/cmr/m/n/10.95 ) \OMS/cmsy/m/n/10.95 ^^X \OT1/cmr/m/n/10.95 (\OML/cmm/m/it/10.95 x; \OMS/cmsy/m/n/10.95 ^^@\OML/cmm/m/it/10.95 k[]\OT1/cmr/m/n/10.95 )\OML/cmm/m/it/10.95 ;  k[] . \OT1/cmr/m/n/10.95 0[] \OML/cmm/m/it/10.95 :
 []


LaTeX Warning: Citation `HW_2001' on page 37 undefined on input line 4970.


LaTeX Warning: Citation `HW_2002' on page 37 undefined on input line 4970.


LaTeX Warning: Citation `HW_2005' on page 37 undefined on input line 4970.


LaTeX Warning: Citation `FR_2013' on page 37 undefined on input line 4988.

[37]
Package hyperref Info: bookmark level for unknown remark defaults to 0 on input line 5016.
 [38] [39]

LaTeX Warning: Citation `BF_2000' on page 40 undefined on input line 5125.


LaTeX Warning: Citation `DFKR_2014' on page 40 undefined on input line 5125.


LaTeX Warning: Citation `EG_1973' on page 40 undefined on input line 5125.


LaTeX Warning: Citation `STEINMANN_1971' on page 40 undefined on input line 5125.


LaTeX Warning: Citation `BF_2000' on page 40 undefined on input line 5140.

[40]

LaTeX Warning: Citation `BF_2000' on page 41 undefined on input line 5193.


LaTeX Warning: Citation `BF_2000' on page 41 undefined on input line 5209.

[41]

LaTeX Warning: Citation `BF_2000' on page 42 undefined on input line 5242.

[42]

LaTeX Warning: Citation `BF_2000' on page 43 undefined on input line 5308.


LaTeX Warning: Citation `BF_2000' on page 43 undefined on input line 5321.

Package hyperref Info: bookmark level for unknown theorem defaults to 0 on input line 5324.

LaTeX Warning: Citation `BF_2000' on page 43 undefined on input line 5354.


LaTeX Warning: Citation `DF_2004' on page 43 undefined on input line 5371.

[43]

LaTeX Warning: Citation `DFKR_2014' on page 44 undefined on input line 5421.

[44] [45]

LaTeX Warning: Citation `HORMANDER_1990' on page 46 undefined on input line 5528.


LaTeX Warning: Citation `DFKR_2014' on page 46 undefined on input line 5538.


LaTeX Warning: Citation `DF_2004' on page 46 undefined on input line 5558.

[46] [47] [48

]
Chapter 2.

LaTeX Warning: Citation `BUNCH_1981' on page 49 undefined on input line 5608.


LaTeX Warning: Citation `LUSCHER_1982' on page 49 undefined on input line 5608.


LaTeX Warning: Citation `TOMS_1982' on page 49 undefined on input line 5608.


LaTeX Warning: Citation `CHL_1995' on page 49 undefined on input line 5608.


LaTeX Warning: Citation `PRANGE_1999' on page 49 undefined on input line 5608.


LaTeX Warning: Citation `BILAL_2013' on page 49 undefined on input line 5608.


LaTeX Warning: Citation `BF_2000' on page 49 undefined on input line 5608.


LaTeX Warning: Citation `HW_2001' on page 49 undefined on input line 5608.


LaTeX Warning: Citation `HW_2005' on page 49 undefined on input line 5608.


LaTeX Warning: Citation `HOLLANDS_2010' on page 49 undefined on input line 5608.


LaTeX Warning: Citation `BCK_2010' on page 49 undefined on input line 5608.


LaTeX Warning: Citation `KELLER_2010' on page 49 undefined on input line 5614.


LaTeX Warning: Citation `DFKR_2014' on page 49 undefined on input line 5614.


LaTeX Warning: Citation `BG_1972' on page 49 undefined on input line 5614.


LaTeX Warning: Citation `GHP_2015' on page 49 undefined on input line 5614.

[49]

LaTeX Warning: Citation `ONEIL_1983' on page 50 undefined on input line 5654.


LaTeX Warning: Citation `PPV_2011' on page 50 undefined on input line 5694.


LaTeX Warning: Citation `BF_2000' on page 50 undefined on input line 5706.

[50]
Package hyperref Info: bookmark level for unknown corollary defaults to 0 on input line 5730.


LaTeX Warning: Citation `BF_2000' on page 51 undefined on input line 5734.

[51] [52]

LaTeX Warning: Citation `HORMANDER_1990' on page 53 undefined on input line 5847.


LaTeX Warning: Citation `HORMANDER_1990' on page 53 undefined on input line 5856.


LaTeX Warning: Citation `BF_2000' on page 53 undefined on input line 5856.

[53]
Package hyperref Info: bookmark level for unknown proof defaults to 0 on input line 5956.
 [54]
Underfull \vbox (badness 1776) has occurred while \output is active []

 [55] [56]

LaTeX Warning: Citation `BOURBAKI_1987' on page 57 undefined on input line 6066.


Overfull \hbox (8.4792pt too wide) in paragraph at lines 6091--6094
\T1/ppl/m/n/10.95 is a dis-tri-bu-tion be-cause it is a lin-ear com-bi-na-tion of dis-tri-bu-tions. By con-struc-tion $\OML/cmm/m/it/10.95 F\OT1/cmr/m/n/10.95 (1\OML/cmm/m/it/10.95 ; ^^^[]\OT1/cmr/m/n/10.95 ) =
 []

[57] [58] [59]
Package hyperref Info: bookmark level for unknown examples defaults to 0 on input line 6281.
 [60] [61]

LaTeX Warning: Citation `DFKR_2014' on page 62 undefined on input line 6413.


LaTeX Warning: Citation `DFKR_2014' on page 62 undefined on input line 6442.

[62]
Overfull \hbox (13.06184pt too wide) in alignment at lines 6523--6528
 [][][] []
 []

[63] [64] [65]

LaTeX Warning: Citation `HW_2001' on page 66 undefined on input line 6750.


LaTeX Warning: Citation `HW_2002' on page 66 undefined on input line 6750.

[66]

LaTeX Warning: Citation `HW_2001' on page 67 undefined on input line 6791.


Overfull \hbox (1.55615pt too wide) in paragraph at lines 6800--6801
[]\T1/ppl/m/n/10.95 The above men-tioned re-sults are proved by means of gen-er-al-ized Eu-ler op-er-a-tors which
 []


LaTeX Warning: Citation `BGP_2007' on page 67 undefined on input line 6831.

[67] [68]

LaTeX Warning: Citation `HORMANDER_1990' on page 69 undefined on input line 6962.

[69]

LaTeX Warning: Citation `HORMANDER_1990' on page 70 undefined on input line 7005.

[70]

LaTeX Warning: Citation `HORMANDER_1990' on page 71 undefined on input line 7085.

[71] [72] [73] [74]

LaTeX Warning: Citation `PPV_2011' on page 75 undefined on input line 7336.

[75] [76]

LaTeX Warning: Citation `HW_2001' on page 77 undefined on input line 7448.


LaTeX Warning: Citation `HW_2002' on page 77 undefined on input line 7448.


LaTeX Warning: Citation `HW_2005' on page 77 undefined on input line 7448.


Overfull \hbox (2.48717pt too wide) in paragraph at lines 7496--7501
\T1/ppl/m/n/10.95 means of the for-est for-mula [] and be-cause, as im-plied by propo-si-tion [][]2.1[][], all counter
 []

[77]
Overfull \hbox (4.90547pt too wide) in paragraph at lines 7516--7521
[]\T1/ppl/m/n/10.95 This prop-erty fol-lows di-rectly from the con-struc-tion. In par-tic-u-lar the sub-trac-tion of counter
 []


LaTeX Warning: Citation `HW_2005' on page 78 undefined on input line 7540.


LaTeX Warning: Citation `DHP_2015' on page 78 undefined on input line 7540.


LaTeX Warning: Citation `HW_2005' on page 78 undefined on input line 7540.


LaTeX Warning: Citation `HW_2005' on page 78 undefined on input line 7540.

[78]
Chapter 3.
[79

]

LaTeX Warning: Citation `PPV_2011' on page 80 undefined on input line 7641.

[80]
Underfull \vbox (badness 1924) has occurred while \output is active []

 [81] [82]

LaTeX Warning: Citation `ALLEN_1985' on page 83 undefined on input line 7796.

[83]

LaTeX Warning: Citation `PPV_2011' on page 84 undefined on input line 7879.

[84] [85]
Overfull \hbox (9.99286pt too wide) in paragraph at lines 8012--8012
[]\T1/ppl/b/n/14.4 Explicit com-pu-ta-tions in Friedmann-Lematre-Robertson-Walker
 []

[86]

LaTeX Warning: Citation `PINAMONTI_2011' on page 87 undefined on input line 8053.


LaTeX Warning: Citation `ZSCHOCHE_2014' on page 87 undefined on input line 8053.

[87] [88]

LaTeX Warning: Citation `HACK_2010' on page 89 undefined on input line 8224.


LaTeX Warning: Citation `schlemmer_2010' on page 89 undefined on input line 8231.


LaTeX Warning: Citation `degner_2013' on page 89 undefined on input line 8231.


LaTeX Warning: Citation `PINAMONTI_2011' on page 89 undefined on input line 8231.


Overfull \hbox (8.8155pt too wide) in paragraph at lines 8229--8233
\T1/ppl/m/n/10.95 Moreover, us-ing the method of [\T1/ppl/b/n/10.95 ?\T1/ppl/m/n/10.95 ] to com-pute a spa-tial Fourier rep-re-sen-ta-tion of the Hadamard
 []

[89]
Overfull \hbox (8.34734pt too wide) in alignment at lines 8298--8305
 [][][] []
 []

[90] [91] [92] [93] [94

]

LaTeX Warning: Citation `BF_2000' on page 95 undefined on input line 8447.

[95] [96] [97] [98

] [99] [100

]
Appendix A.
[101] [102] [103]
Missing character: There is no ; in font nullfont!
Missing character: There is no ; in font nullfont!
 [104] [105] [106] [107] [108]

LaTeX Warning: Citation `ONEIL_1983' on page 109 undefined on input line 8971.

[109]

LaTeX Warning: Citation `PPV_2011' on page 110 undefined on input line 8984.

[110] [111]

LaTeX Warning: Citation `WALD_1984' on page 112 undefined on input line 9113.

[112]
No file phd_antoine.bbl.
\tf@thm=\write6
\openout6 = `phd_antoine.thm'.

[113] (./phd_antoine.aux)

LaTeX Warning: There were undefined references.

Package rerunfilecheck Info: File `phd_antoine.out' has not changed.
(rerunfilecheck)             Checksum: 90EE907B6CD06DB8DD23850AB564B7FD;15219.
 ) 
Here is how much of TeX's memory you used:
 24690 strings out of 478519
 437885 string characters out of 5853952
 821044 words of memory out of 5000000
 41684 multiletter control sequences out of 15000+600000
 443391 words of font info for 119 fonts, out of 8000000 for 9000
 1141 hyphenation exceptions out of 8191
 102i,16n,108p,2232b,1121s stack positions out of 5000i,500n,10000p,200000b,80000s
{c:/texlive/2021/texmf-dist/fonts/enc/dvips/base/8r.enc}<c:/texlive/2021/texmf-dist/fonts/type1/public/calligra-type1/callig15.pfb><c:/texlive/2021/texmf-dist/fonts/type1/public/amsfonts/cm/cmbx10.pfb><c:/texlive/2021/texmf-dist/fonts/type1/public/amsfonts/cm/cmex10.pfb><c:/texlive/2021/texmf-dist/fonts/type1/public/amsfonts/cm/cmmi10.pfb><c:/texlive/2021/texmf-dist/fonts/type1/public/amsfonts/cm/cmmi6.pfb><c:/texlive/2021/texmf-dist/fonts/type1/public/amsfonts/cm/cmmi8.pfb><c:/texlive/2021/texmf-dist/fonts/type1/public/amsfonts/cm/cmmi9.pfb><c:/texlive/2021/texmf-dist/fonts/type1/public/amsfonts/cm/cmmib10.pfb><c:/texlive/2021/texmf-dist/fonts/type1/public/amsfonts/cmextra/cmmib8.pfb><c:/texlive/2021/texmf-dist/fonts/type1/public/amsfonts/cm/cmr10.pfb><c:/texlive/2021/texmf-dist/fonts/type1/public/amsfonts/cm/cmr6.pfb><c:/texlive/2021/texmf-dist/fonts/type1/public/amsfonts/cm/cmr8.pfb><c:/texlive/2021/texmf-dist/fonts/type1/public/amsfonts/cm/cmr9.pfb><c:/texlive/2021/texmf-dist/fonts/type1/public/amsfonts/cm/cmss10.pfb><c:/texlive/2021/texmf-dist/fonts/type1/public/amsfonts/cm/cmss8.pfb><c:/texlive/2021/texmf-dist/fonts/type1/public/amsfonts/cm/cmss9.pfb><c:/texlive/2021/texmf-dist/fonts/type1/public/amsfonts/cm/cmsy10.pfb><c:/texlive/2021/texmf-dist/fonts/type1/public/amsfonts/cm/cmsy6.pfb><c:/texlive/2021/texmf-dist/fonts/type1/public/amsfonts/cm/cmsy8.pfb><c:/texlive/2021/texmf-dist/fonts/type1/public/amsfonts/cm/cmsy9.pfb><c:/texlive/2021/texmf-dist/fonts/type1/public/amsfonts/euler/eufm10.pfb><c:/texlive/2021/texmf-dist/fonts/type1/public/amsfonts/symbols/msam10.pfb><c:/texlive/2021/texmf-dist/fonts/type1/public/amsfonts/symbols/msbm10.pfb><c:/texlive/2021/texmf-dist/fonts/type1/urw/palatino/uplb8a.pfb><c:/texlive/2021/texmf-dist/fonts/type1/urw/palatino/uplr8a.pfb>
Output written on phd_antoine.pdf (113 pages, 817491 bytes).
PDF statistics:
 1872 PDF objects out of 2073 (max. 8388607)
 1683 compressed objects within 17 object streams
 477 named destinations out of 1000 (max. 500000)
 560 words of extra memory for PDF output out of 10000 (max. 10000000)

